<?xml version="1.0" encoding="UTF-8"?>
<testng-results ignored="0" total="2" passed="2" failed="0" skipped="0">
  <reporter-output>
  </reporter-output>
  <suite started-at="2024-08-21T00:08:36 GMT-04:00" name="Default suite" finished-at="2024-08-21T00:08:43 GMT-04:00" duration-ms="7229">
    <groups>
    </groups>
    <test started-at="2024-08-21T00:08:36 GMT-04:00" name="Default test" finished-at="2024-08-21T00:08:43 GMT-04:00" duration-ms="7229">
      <class name="LoginPageTest">
        <test-method is-config="true" signature="beforeTest()[pri:0, instance:LoginPageTest@436a4e4b]" started-at="2024-08-21T00:08:36 GMT-04:00" name="beforeTest" finished-at="2024-08-21T00:08:36 GMT-04:00" duration-ms="12" status="PASS">
          <reporter-output>
          </reporter-output>
        </test-method> <!-- beforeTest -->
        <test-method signature="doLogin(java.lang.String, java.lang.String, java.lang.String)[pri:0, instance:LoginPageTest@436a4e4b]" started-at="2024-08-21T00:08:36 GMT-04:00" name="doLogin" data-provider="testData" finished-at="2024-08-21T00:08:43 GMT-04:00" duration-ms="6922" status="PASS">
          <params>
            <param index="0">
              <value>
                <![CDATA[swap]]>
              </value>
            </param>
            <param index="1">
              <value>
                <![CDATA[abc]]>
              </value>
            </param>
            <param index="2">
              <value>
                <![CDATA[chrome]]>
              </value>
            </param>
          </params>
          <reporter-output>
          </reporter-output>
        </test-method> <!-- doLogin -->
        <test-method signature="doLogin(java.lang.String, java.lang.String, java.lang.String)[pri:0, instance:LoginPageTest@436a4e4b]" started-at="2024-08-21T00:08:43 GMT-04:00" name="doLogin" data-provider="testData" finished-at="2024-08-21T00:08:43 GMT-04:00" duration-ms="7" status="PASS">
          <params>
            <param index="0">
              <value>
                <![CDATA[pk]]>
              </value>
            </param>
            <param index="1">
              <value>
                <![CDATA[bkkl]]>
              </value>
            </param>
            <param index="2">
              <value>
                <![CDATA[mozilla]]>
              </value>
            </param>
          </params>
          <reporter-output>
          </reporter-output>
        </test-method> <!-- doLogin -->
        <test-method is-config="true" signature="afterTest()[pri:0, instance:LoginPageTest@436a4e4b]" started-at="2024-08-21T00:08:43 GMT-04:00" name="afterTest" finished-at="2024-08-21T00:08:43 GMT-04:00" duration-ms="221" status="PASS">
          <reporter-output>
          </reporter-output>
        </test-method> <!-- afterTest -->
      </class> <!-- LoginPageTest -->
    </test> <!-- Default test -->
  </suite> <!-- Default suite -->
</testng-results>
